<?xml version="1.0" encoding="UTF-8"?>
<!-- Generated by org.testng.reporters.JUnitXMLReporter -->
<testsuite ignored="0" hostname="DESKTOP-3QCSFSN" failures="4" tests="5" name="Test" time="4.482" errors="0" timestamp="2024-03-09T01:16:06 IST">
  <testcase classname="tescases.Addrecord" name="addcustomer" time="3.759"/>
  <testcase classname="tescases.updaterecord" name="updatecustomer" time="0.335">
    <failure type="java.lang.AssertionError" message="expected [200] but found [404]">
      <![CDATA[java.lang.AssertionError: expected [200] but found [404]
at tescases.updaterecord.updatecustomer(updaterecord.java:48)
at java.base/java.util.ArrayList.forEach(ArrayList.java:1511)
... Removed 34 stack frames]]>
    </failure>
  </testcase> <!-- updatecustomer -->
  <testcase classname="tescases.Getallthecustomers" name="getalltheuser" time="0.102">
    <failure type="java.lang.AssertionError" message="expected [true] but found [false]">
      <![CDATA[java.lang.AssertionError: expected [true] but found [false]
at tescases.Getallthecustomers.getalltheuser(Getallthecustomers.java:48)
at java.base/java.util.ArrayList.forEach(ArrayList.java:1511)
... Removed 34 stack frames]]>
    </failure>
  </testcase> <!-- getalltheuser -->
  <testcase classname="tescases.Gettherecordbasedoncustomerid" name="getalltheuser" time="0.082">
    <failure type="java.lang.AssertionError" message="expected [200] but found [404]">
      <![CDATA[java.lang.AssertionError: expected [200] but found [404]
at tescases.Gettherecordbasedoncustomerid.getalltheuser(Gettherecordbasedoncustomerid.java:34)
at java.base/java.util.ArrayList.forEach(ArrayList.java:1511)
... Removed 34 stack frames]]>
    </failure>
  </testcase> <!-- getalltheuser -->
  <testcase classname="tescases.Deleterecord" name="getalltheuser" time="0.051">
    <failure type="java.lang.AssertionError" message="expected [200] but found [404]">
      <![CDATA[java.lang.AssertionError: expected [200] but found [404]
at tescases.Deleterecord.getalltheuser(Deleterecord.java:34)
at java.base/java.util.ArrayList.forEach(ArrayList.java:1511)
... Removed 34 stack frames]]>
    </failure>
  </testcase> <!-- getalltheuser -->
</testsuite> <!-- Test -->
